C51 COMPILER V9.50a   ACT1                                                                 04/10/2013 09:22:53 PAGE 1   


C51 COMPILER V9.50a, COMPILATION OF MODULE ACT1
OBJECT MODULE PLACED IN Act1.OBJ
COMPILER INVOKED BY: C:\Program_Files\Keil\C51\BIN\C51.EXE Act1.c BROWSE DEBUG OBJECTEXTEND TABS(2)

line level    source

   1          #include <reg51.h>
   2          
   3          void main(void)
   4          {
   5   1        unsigned char i;
   6   1        char* cstrData = "012345ABCDE";
   7   1        
   8   1        while(1)
   9   1        {
  10   2          for(i=0; i<10; i++)
  11   2            P1 = cstrData[i];
  12   2        }
  13   1      }


MODULE INFORMATION:   STATIC OVERLAYABLE
   CODE SIZE        =     33    ----
   CONSTANT SIZE    =     12    ----
   XDATA SIZE       =   ----    ----
   PDATA SIZE       =   ----    ----
   DATA SIZE        =   ----       3
   IDATA SIZE       =   ----    ----
   BIT SIZE         =   ----    ----
END OF MODULE INFORMATION.


C51 COMPILATION COMPLETE.  0 WARNING(S),  0 ERROR(S)
