A51 MACRO ASSEMBLER  ACT4                                                                 03/06/2013 09:46:50 PAGE     1


MACRO ASSEMBLER A51 V8.02b
OBJECT MODULE PLACED IN Act4.OBJ
ASSEMBLER INVOKED BY: C:\Program_Files\Keil\C51\BIN\A51.EXE Act4.asm SET(SMALL) DEBUG EP

LOC  OBJ            LINE     SOURCE

0000                   1     org 0h
0000                   2     restart:
0000 758A64            3     mov TL0, #100
0003 758C64            4     mov TH0, #100
0006 758906            5     mov TMOD, #06h
0009 C28D              6     clr TF0
000B D28C              7     setb TR0
000D                   8     wait:
000D E58A              9     mov a, TL0
000F 1118             10     acall display
0011 308DF9           11     jnb TF0, wait
0014 C28C             12     clr TR0
0016 80E8             13     sjmp restart
0018                  14     display:
0018 75F064           15     mov b, #100
001B 84               16     div ab
001C F8               17     mov r0, a
001D E5F0             18     mov a, b
001F 75F00A           19     mov b, #10
0022 84               20     div ab
0023 F9               21     mov r1, a
0024 AAF0             22     mov r2, b
0026 22               23     ret
                      24     end
A51 MACRO ASSEMBLER  ACT4                                                                 03/06/2013 09:46:50 PAGE     2

SYMBOL TABLE LISTING
------ ----- -------


N A M E             T Y P E  V A L U E   ATTRIBUTES

B. . . . . . . . .  D ADDR   00F0H   A   
DISPLAY. . . . . .  C ADDR   0018H   A   
RESTART. . . . . .  C ADDR   0000H   A   
TF0. . . . . . . .  B ADDR   0088H.5 A   
TH0. . . . . . . .  D ADDR   008CH   A   
TL0. . . . . . . .  D ADDR   008AH   A   
TMOD . . . . . . .  D ADDR   0089H   A   
TR0. . . . . . . .  B ADDR   0088H.4 A   
WAIT . . . . . . .  C ADDR   000DH   A   


REGISTER BANK(S) USED: 0 


ASSEMBLY COMPLETE.  0 WARNING(S), 0 ERROR(S)
