A51 MACRO ASSEMBLER  ACT1                                                                 03/20/2013 10:43:16 PAGE     1


MACRO ASSEMBLER A51 V8.02b
OBJECT MODULE PLACED IN Act1.OBJ
ASSEMBLER INVOKED BY: C:\Program_Files\Keil\C51\BIN\A51.EXE Act1.asm SET(SMALL) DEBUG EP

LOC  OBJ            LINE     SOURCE

                       1     ; Fout = 10kHz
                       2     ; Tclk = 22MHz
                       3     ; Ttmr = 22 / 12 = 1833.33kHz
                       4     ; Delay = 1833.33 / 60  = 30555
                       5     ; Load val = -30555 = 88A5h
0000                   6     org 0h
0000 7580FE            7     mov p0, #-2
0003 7590FD            8     mov p1, #-3
0006 75A0FB            9     mov p2, #-5
0009 75B0F7           10     mov p3, #-9
000C                  11     restart:
000C 7801             12     mov r0, #1
000E                  13     retime:
000E 758901           14     mov TMOD, #01h
0011 758C88           15     mov TH0, #088h
0014 758AA5           16     mov TL0, #0A5h
0017 C28D             17     clr TF0
0019 D28C             18     setb TR0
001B                  19     wait:
001B 308DFD           20     jnb TF0, wait
001E D8EE             21     djnz r0, retime
0020 E580             22     mov a, p0
0022 23               23     rl a
0023 F580             24     mov p0, a
0025 E590             25     mov a, p1
0027 23               26     rl a
0028 F590             27     mov p1, a
002A E5A0             28     mov a, p2
002C 23               29     rl a
002D F5A0             30     mov p2, a
002F E5B0             31     mov a, p3
0031 23               32     rl a
0032 F5B0             33     mov p3, a
0034 80D6             34     sjmp restart
                      35     end
A51 MACRO ASSEMBLER  ACT1                                                                 03/20/2013 10:43:16 PAGE     2

SYMBOL TABLE LISTING
------ ----- -------


N A M E             T Y P E  V A L U E   ATTRIBUTES

P0 . . . . . . . .  D ADDR   0080H   A   
P1 . . . . . . . .  D ADDR   0090H   A   
P2 . . . . . . . .  D ADDR   00A0H   A   
P3 . . . . . . . .  D ADDR   00B0H   A   
RESTART. . . . . .  C ADDR   000CH   A   
RETIME . . . . . .  C ADDR   000EH   A   
TF0. . . . . . . .  B ADDR   0088H.5 A   
TH0. . . . . . . .  D ADDR   008CH   A   
TL0. . . . . . . .  D ADDR   008AH   A   
TMOD . . . . . . .  D ADDR   0089H   A   
TR0. . . . . . . .  B ADDR   0088H.4 A   
WAIT . . . . . . .  C ADDR   001BH   A   


REGISTER BANK(S) USED: 0 


ASSEMBLY COMPLETE.  0 WARNING(S), 0 ERROR(S)
