A51 MACRO ASSEMBLER  PROG3                                                                01/18/2013 18:07:56 PAGE     1


MACRO ASSEMBLER A51 V8.02b
OBJECT MODULE PLACED IN Prog3.OBJ
ASSEMBLER INVOKED BY: C:\Program_Files\Keil\C51\BIN\A51.EXE Prog3.asm SET(SMALL) DEBUG EP

LOC  OBJ            LINE     SOURCE

0000                   1     org 0h
0000 900300            2     mov dptr, #300h
0003 7400              3     mov a, #0
0005 93                4     movc a, @a+dptr
0006 F8                5     mov r0, a
0007 7401              6     mov a, #1
0009 93                7     movc a, @a+dptr
000A F9                8     mov r1, a
000B 7402              9     mov a, #2
000D 93               10     movc a, @a+dptr
000E FA               11     mov r2, a
0300                  12     org 300h
0300 4E4954           13     db  "NIT"
                      14     end
A51 MACRO ASSEMBLER  PROG3                                                                01/18/2013 18:07:56 PAGE     2

SYMBOL TABLE LISTING
------ ----- -------


N A M E             T Y P E  V A L U E   ATTRIBUTES



REGISTER BANK(S) USED: 0 


ASSEMBLY COMPLETE.  0 WARNING(S), 0 ERROR(S)
